<?xml version="1.0" encoding="UTF-8"?>
<!-- Generated by org.testng.reporters.JUnitReportReporter -->
<testsuite hostname="DESKTOP-MUEUS88" failures="0" tests="2" name="test.Logintest" time="0.022" errors="0" timestamp="07 Sep 2022 16:27:42 GMT" skipped="0">
  <testcase classname="test.Logintest" name="testcase2" time="0.006"/>
  <testcase classname="test.Logintest" name="testcase1" time="0.016"/>
</testsuite> <!-- test.Logintest -->
