<?xml version="1.0" encoding="UTF-8"?>
<!-- Generated by org.testng.reporters.JUnitReportReporter -->
<testsuite skipped="0" hostname="DESKTOP-MUEUS88" name="test.Logintest" tests="2" failures="0" timestamp="07 Sep 2022 18:10:30 GMT" time="0.017" errors="0">
  <testcase name="testcase1" time="0.016" classname="test.Logintest"/>
  <testcase name="testcase2" time="0.001" classname="test.Logintest"/>
</testsuite> <!-- test.Logintest -->
